#
# A fatal error has been detected by the Java Runtime Environment:
#
#  EXCEPTION_ACCESS_VIOLATION (0xc0000005) at pc=0x00007fff03d315a3, pid=20616, tid=20496
#
# JRE version: OpenJDK Runtime Environment Corretto-11.0.8.10.1 (11.0.8+10) (build 11.0.8+10-LTS)
# Java VM: OpenJDK 64-Bit Server VM Corretto-11.0.8.10.1 (11.0.8+10-LTS, mixed mode, tiered, compressed oops, g1 gc, windows-amd64)
# Problematic frame:
# C  [VCRUNTIME140.dll+0x15a3]
#
# No core dump will be written. Minidumps are not enabled by default on client versions of Windows
#
# If you would like to submit a bug report, please visit:
#   https://bugreport.java.com/bugreport/crash.jsp
#

---------------  S U M M A R Y ------------

Command Line: -Dfile.encoding=windows-1252 -Duser.country=MX -Duser.language=es -Duser.variant softwaredesign.Launcher

Host: AMD Ryzen 7 3700U with Radeon Vega Mobile Gfx  , 8 cores, 13G,  Windows 10 , 64 bit Build 18362 (10.0.18362.1350)
Time: Thu Mar 25 21:13:25 2021 Hora estándar Europa Occidental elapsed time: 0 seconds (0d 0h 0m 0s)

---------------  T H R E A D  ---------------

Current thread (0x00000226494fd000):  JavaThread "Glass/Prism Shutdown Hook" [_thread_in_vm, id=20496, stack(0x000000e00a000000,0x000000e00a100000)]

Stack: [0x000000e00a000000,0x000000e00a100000],  sp=0x000000e00a0ff718,  free space=1021k
Native frames: (J=compiled Java code, j=interpreted, Vv=VM code, C=native code)
C  [VCRUNTIME140.dll+0x15a3]
V  [jvm.dll+0x6e16d8]
V  [jvm.dll+0x6dc3ce]
V  [jvm.dll+0x6d808b]
V  [jvm.dll+0x6dc762]
V  [jvm.dll+0x6d57d4]
V  [jvm.dll+0x5debc6]
C  [ucrtbase.dll+0x210b2]
C  [KERNEL32.DLL+0x17c24]
C  [ntdll.dll+0x6d721]


siginfo: EXCEPTION_ACCESS_VIOLATION (0xc0000005), reading address 0x0000022e48ff8328


Register to memory mapping:

RIP=0x00007fff03d315a3 VCRUNTIME140.dll
RAX=0x0000022e48ff8338 is pointing into the stack for thread: 0x00007ffebbc8cbf0
RBX=0x00000000ffffffff is pointing into the stack for thread: 0x00007ffebbc8cbf0
RCX=0x0000022e496449a8 is pointing into the stack for thread: 0x00007ffebbc8cbf0
RDX=0xffffffffff9b3990 is an unknown value
RSP=0x000000e00a0ff718 is pointing into the stack for thread: 0x00007ffebbc8cbf0
RBP=0x0 is NULL
RSI=0x0000022648f93f20 is pointing into the stack for thread: 0x00007ffebbc8cbf0
RDI=0x0000022648f94d30 is pointing into the stack for thread: 0x00007ffebbc8cbf0
R8 =
[error occurred during error reporting (printing register info), id 0xc0000005, EXCEPTION_ACCESS_VIOLATION (0xc0000005) at pc=0x00007ffebb5d4d86]

Registers:
RAX=0x0000022e48ff8338, RBX=0x00000000ffffffff, RCX=0x0000022e496449a8, RDX=0xffffffffff9b3990
RSP=0x000000e00a0ff718, RBP=0x0000000000000000, RSI=0x0000022648f93f20, RDI=0x0000022648f94d30
R8 =0x00000007fffffff8, R9 =0x00000226496449b0, R10=0x0000022648ff8340, R11=0x00000226496449b0
R12=0x0000000000000000, R13=0x0000000000000000, R14=0x0000000000000010, R15=0x0000000000000011
RIP=0x00007fff03d315a3, EFLAGS=0x0000000000010202

Top of Stack: (sp=0x000000e00a0ff718)
0x000000e00a0ff718:   00007ffebb9e16d8 00000000ffffffff
0x000000e00a0ff728:   00007ffebb8b24be 00000226494fd000
0x000000e00a0ff738:   000000072e5890e0 0000000000000000
0x000000e00a0ff748:   000000072e5890e0 0000000000000000
0x000000e00a0ff758:   00007ffebb9dc3ce 000002262517ded0
0x000000e00a0ff768:   000000e00a0ff890 00000226494fd000
0x000000e00a0ff778:   00000226494fd000 000002264965c590
0x000000e00a0ff788:   00007ffebb9d808b 000002264844d628
0x000000e00a0ff798:   00000226494fd000 00000226494fd000
0x000000e00a0ff7a8:   000002264965c590 00000226479fedf8
0x000000e00a0ff7b8:   00000226494fd000 0000000000000138
0x000000e00a0ff7c8:   0000000000000000 00000226494fd000
0x000000e00a0ff7d8:   00000226494fd000 00000226494fd000
0x000000e00a0ff7e8:   00000226494fd000 000000000000000e
0x000000e00a0ff7f8:   00007ffe00000000 0000000000000000
0x000000e00a0ff808:   00007ffebb8d2ddb 0000000000000100 

Instructions: (pc=0x00007fff03d315a3)
0x00007fff03d314a3:   49 b0 0f 10 44 11 c0 0f 10 4c 11 d0 0f 29 41 c0
0x00007fff03d314b3:   0f 29 49 d0 0f 10 44 11 e0 0f 10 4c 11 f0 75 ad
0x00007fff03d314c3:   0f 29 41 e0 49 83 e0 7f 0f 28 c1 eb 1a 0f ba 25
0x00007fff03d314d3:   d4 fe 00 00 02 0f 82 42 fd ff ff 0f 10 04 11 48
0x00007fff03d314e3:   83 c1 10 49 83 e8 10 4d 8b c8 49 c1 e9 04 74 1e
0x00007fff03d314f3:   66 66 66 66 66 0f 1f 84 00 00 00 00 00 0f 11 41
0x00007fff03d31503:   f0 0f 10 04 11 48 83 c1 10 49 ff c9 75 ef 49 83
0x00007fff03d31513:   e0 0f 74 0d 4a 8d 04 01 0f 10 4c 10 f0 0f 11 48
0x00007fff03d31523:   f0 0f 11 41 f0 49 8b c3 c3 0f 1f 40 00 0f 2b 41
0x00007fff03d31533:   e0 0f 2b 49 f0 0f 18 84 11 00 02 00 00 0f 10 04
0x00007fff03d31543:   11 0f 10 4c 11 10 48 81 c1 80 00 00 00 0f 2b 41
0x00007fff03d31553:   80 0f 2b 49 90 0f 10 44 11 a0 0f 10 4c 11 b0 49
0x00007fff03d31563:   ff c9 0f 2b 41 a0 0f 2b 49 b0 0f 10 44 11 c0 0f
0x00007fff03d31573:   10 4c 11 d0 0f 18 84 11 40 02 00 00 0f 2b 41 c0
0x00007fff03d31583:   0f 2b 49 d0 0f 10 44 11 e0 0f 10 4c 11 f0 75 9d
0x00007fff03d31593:   0f ae f8 e9 28 ff ff ff 0f 1f 44 00 00 49 03 c8
0x00007fff03d315a3:   0f 10 44 11 f0 48 83 e9 10 49 83 e8 10 f6 c1 0f
0x00007fff03d315b3:   74 17 48 8b c1 48 83 e1 f0 0f 10 c8 0f 10 04 11
0x00007fff03d315c3:   0f 11 08 4c 8b c1 4d 2b c3 4d 8b c8 49 c1 e9 07
0x00007fff03d315d3:   74 68 0f 29 01 eb 0d 66 0f 1f 44 00 00 0f 29 41
0x00007fff03d315e3:   10 0f 29 09 0f 10 44 11 f0 0f 10 4c 11 e0 48 81
0x00007fff03d315f3:   e9 80 00 00 00 0f 29 41 70 0f 29 49 60 0f 10 44
0x00007fff03d31603:   11 50 0f 10 4c 11 40 49 ff c9 0f 29 41 50 0f 29
0x00007fff03d31613:   49 40 0f 10 44 11 30 0f 10 4c 11 20 0f 29 41 30
0x00007fff03d31623:   0f 29 49 20 0f 10 44 11 10 0f 10 0c 11 75 ae 0f
0x00007fff03d31633:   29 41 10 49 83 e0 7f 0f 28 c1 4d 8b c8 49 c1 e9
0x00007fff03d31643:   04 74 1a 66 66 0f 1f 84 00 00 00 00 00 0f 11 01
0x00007fff03d31653:   48 83 e9 10 0f 10 04 11 49 ff c9 75 f0 49 83 e0
0x00007fff03d31663:   0f 74 08 41 0f 10 0a 41 0f 11 0b 0f 11 01 49 8b
0x00007fff03d31673:   c3 c3 cc cc cc cc cc cc cc cc cc cc cc cc cc cc
0x00007fff03d31683:   cc cc cc 66 66 0f 1f 84 00 00 00 00 00 57 8b c2
0x00007fff03d31693:   48 8b f9 49 8b c8 f3 aa 49 8b c3 5f c3 cc cc cc 


Stack slot to memory mapping:
stack at sp + 0 slots: 0x00007ffebb9e16d8 jvm.dll
stack at sp + 1 slots: 0x00000000ffffffff is pointing into the stack for thread: 0x00007ffebbc8cbf0
stack at sp + 2 slots: 0x00007ffebb8b24be jvm.dll
stack at sp + 3 slots: 0x00000226494fd000 is pointing into the stack for thread: 0x00007ffebbc8cbf0
stack at sp + 4 slots: 0x000000072e5890e0 is an oop: com.sun.javafx.tk.quantum.QuantumToolkit$1 
{0x000000072e5890e0} - klass: 'com/sun/javafx/tk/quantum/QuantumToolkit$1'
stack at sp + 5 slots: 0x0 is NULL
stack at sp + 6 slots: 0x000000072e5890e0 is an oop: com.sun.javafx.tk.quantum.QuantumToolkit$1 
{0x000000072e5890e0} - klass: 'com/sun/javafx/tk/quantum/QuantumToolkit$1'
stack at sp + 7 slots: 0x0 is NULL


---------------  P R O C E S S  ---------------

Threads class SMR info:
_java_thread_list=0x0000022648f93f20, length=17, elements={
0x00007ffebbc8cbf0, }

Java Threads: ( => current thread )
  0x00007ffebbc8cbf0 
[error occurred during error reporting (printing all threads), id 0xc0000005, EXCEPTION_ACCESS_VIOLATION (0xc0000005) at pc=0x00007ffebb9db8c1]

VM state:not at safepoint (normal execution)

VM Mutex/Monitor currently owned by a thread:  ([mutex/lock_event])
[0x000002262517ded0] Threads_lock - owner thread: 0x00000226494fd000

Heap address: 0x0000000721400000, size: 3564 MB, Compressed Oops mode: Zero based, Oop shift amount: 3
Narrow klass base: 0x0000000800000000, Narrow klass shift: 0
Compressed class space size: 1073741824 Address: 0x0000000800000000

Heap:
 garbage-first heap   total 229376K, used 18432K [0x0000000721400000, 0x0000000800000000)
  region size 1024K, 20 young (20480K), 0 survivors (0K)
 Metaspace       used 9941K, capacity 10217K, committed 10368K, reserved 1058816K
  class space    used 967K, capacity 1094K, committed 1152K, reserved 1048576K
Heap Regions: E=young(eden), S=young(survivor), O=old, HS=humongous(starts), HC=humongous(continues), CS=collection set, F=free, A=archive, TAMS=top-at-mark-start (previous, next)
|   0|0x0000000721400000, 0x0000000721400000, 0x0000000721500000|  0%| F|  |TAMS 0x0000000721400000, 0x0000000721400000| Untracked 
|   1|0x0000000721500000, 0x0000000721500000, 0x0000000721600000|  0%| F|  |TAMS 0x0000000721500000, 0x0000000721500000| Untracked 
|   2|0x0000000721600000, 0x0000000721600000, 0x0000000721700000|  0%| F|  |TAMS 0x0000000721600000, 0x0000000721600000| Untracked 
|   3|0x0000000721700000, 0x0000000721700000, 0x0000000721800000|  0%| F|  |TAMS 0x0000000721700000, 0x0000000721700000| Untracked 
|   4|0x0000000721800000, 0x0000000721800000, 0x0000000721900000|  0%| F|  |TAMS 0x0000000721800000, 0x0000000721800000| Untracked 
|   5|0x0000000721900000, 0x0000000721900000, 0x0000000721a00000|  0%| F|  |TAMS 0x0000000721900000, 0x0000000721900000| Untracked 
|   6|0x0000000721a00000, 0x0000000721a00000, 0x0000000721b00000|  0%| F|  |TAMS 0x0000000721a00000, 0x0000000721a00000| Untracked 
|   7|0x0000000721b00000, 0x0000000721b00000, 0x0000000721c00000|  0%| F|  |TAMS 0x0000000721b00000, 0x0000000721b00000| Untracked 
|   8|0x0000000721c00000, 0x0000000721c00000, 0x0000000721d00000|  0%| F|  |TAMS 0x0000000721c00000, 0x0000000721c00000| Untracked 
|   9|0x0000000721d00000, 0x0000000721d00000, 0x0000000721e00000|  0%| F|  |TAMS 0x0000000721d00000, 0x0000000721d00000| Untracked 
|  10|0x0000000721e00000, 0x0000000721e00000, 0x0000000721f00000|  0%| F|  |TAMS 0x0000000721e00000, 0x0000000721e00000| Untracked 
|  11|0x0000000721f00000, 0x0000000721f00000, 0x0000000722000000|  0%| F|  |TAMS 0x0000000721f00000, 0x0000000721f00000| Untracked 
|  12|0x0000000722000000, 0x0000000722000000, 0x0000000722100000|  0%| F|  |TAMS 0x0000000722000000, 0x0000000722000000| Untracked 
|  13|0x0000000722100000, 0x0000000722100000, 0x0000000722200000|  0%| F|  |TAMS 0x0000000722100000, 0x0000000722100000| Untracked 
|  14|0x0000000722200000, 0x0000000722200000, 0x0000000722300000|  0%| F|  |TAMS 0x0000000722200000, 0x0000000722200000| Untracked 
|  15|0x0000000722300000, 0x0000000722300000, 0x0000000722400000|  0%| F|  |TAMS 0x0000000722300000, 0x0000000722300000| Untracked 
|  16|0x0000000722400000, 0x0000000722400000, 0x0000000722500000|  0%| F|  |TAMS 0x0000000722400000, 0x0000000722400000| Untracked 
|  17|0x0000000722500000, 0x0000000722500000, 0x0000000722600000|  0%| F|  |TAMS 0x0000000722500000, 0x0000000722500000| Untracked 
|  18|0x0000000722600000, 0x0000000722600000, 0x0000000722700000|  0%| F|  |TAMS 0x0000000722600000, 0x0000000722600000| Untracked 
|  19|0x0000000722700000, 0x0000000722700000, 0x0000000722800000|  0%| F|  |TAMS 0x0000000722700000, 0x0000000722700000| Untracked 
|  20|0x0000000722800000, 0x0000000722800000, 0x0000000722900000|  0%| F|  |TAMS 0x0000000722800000, 0x0000000722800000| Untracked 
|  21|0x0000000722900000, 0x0000000722900000, 0x0000000722a00000|  0%| F|  |TAMS 0x0000000722900000, 0x0000000722900000| Untracked 
|  22|0x0000000722a00000, 0x0000000722a00000, 0x0000000722b00000|  0%| F|  |TAMS 0x0000000722a00000, 0x0000000722a00000| Untracked 
|  23|0x0000000722b00000, 0x0000000722b00000, 0x0000000722c00000|  0%| F|  |TAMS 0x0000000722b00000, 0x0000000722b00000| Untracked 
|  24|0x0000000722c00000, 0x0000000722c00000, 0x0000000722d00000|  0%| F|  |TAMS 0x0000000722c00000, 0x0000000722c00000| Untracked 
|  25|0x0000000722d00000, 0x0000000722d00000, 0x0000000722e00000|  0%| F|  |TAMS 0x0000000722d00000, 0x0000000722d00000| Untracked 
|  26|0x0000000722e00000, 0x0000000722e00000, 0x0000000722f00000|  0%| F|  |TAMS 0x0000000722e00000, 0x0000000722e00000| Untracked 
|  27|0x0000000722f00000, 0x0000000722f00000, 0x0000000723000000|  0%| F|  |TAMS 0x0000000722f00000, 0x0000000722f00000| Untracked 
|  28|0x0000000723000000, 0x0000000723000000, 0x0000000723100000|  0%| F|  |TAMS 0x0000000723000000, 0x0000000723000000| Untracked 
|  29|0x0000000723100000, 0x0000000723100000, 0x0000000723200000|  0%| F|  |TAMS 0x0000000723100000, 0x0000000723100000| Untracked 
|  30|0x0000000723200000, 0x0000000723200000, 0x0000000723300000|  0%| F|  |TAMS 0x0000000723200000, 0x0000000723200000| Untracked 
|  31|0x0000000723300000, 0x0000000723300000, 0x0000000723400000|  0%| F|  |TAMS 0x0000000723300000, 0x0000000723300000| Untracked 
|  32|0x0000000723400000, 0x0000000723400000, 0x0000000723500000|  0%| F|  |TAMS 0x0000000723400000, 0x0000000723400000| Untracked 
|  33|0x0000000723500000, 0x0000000723500000, 0x0000000723600000|  0%| F|  |TAMS 0x0000000723500000, 0x0000000723500000| Untracked 
|  34|0x0000000723600000, 0x0000000723600000, 0x0000000723700000|  0%| F|  |TAMS 0x0000000723600000, 0x0000000723600000| Untracked 
|  35|0x0000000723700000, 0x0000000723700000, 0x0000000723800000|  0%| F|  |TAMS 0x0000000723700000, 0x0000000723700000| Untracked 
|  36|0x0000000723800000, 0x0000000723800000, 0x0000000723900000|  0%| F|  |TAMS 0x0000000723800000, 0x0000000723800000| Untracked 
|  37|0x0000000723900000, 0x0000000723900000, 0x0000000723a00000|  0%| F|  |TAMS 0x0000000723900000, 0x0000000723900000| Untracked 
|  38|0x0000000723a00000, 0x0000000723a00000, 0x0000000723b00000|  0%| F|  |TAMS 0x0000000723a00000, 0x0000000723a00000| Untracked 
|  39|0x0000000723b00000, 0x0000000723b00000, 0x0000000723c00000|  0%| F|  |TAMS 0x0000000723b00000, 0x0000000723b00000| Untracked 
|  40|0x0000000723c00000, 0x0000000723c00000, 0x0000000723d00000|  0%| F|  |TAMS 0x0000000723c00000, 0x0000000723c00000| Untracked 
|  41|0x0000000723d00000, 0x0000000723d00000, 0x0000000723e00000|  0%| F|  |TAMS 0x0000000723d00000, 0x0000000723d00000| Untracked 
|  42|0x0000000723e00000, 0x0000000723e00000, 0x0000000723f00000|  0%| F|  |TAMS 0x0000000723e00000, 0x0000000723e00000| Untracked 
|  43|0x0000000723f00000, 0x0000000723f00000, 0x0000000724000000|  0%| F|  |TAMS 0x0000000723f00000, 0x0000000723f00000| Untracked 
|  44|0x0000000724000000, 0x0000000724000000, 0x0000000724100000|  0%| F|  |TAMS 0x0000000724000000, 0x0000000724000000| Untracked 
|  45|0x0000000724100000, 0x0000000724100000, 0x0000000724200000|  0%| F|  |TAMS 0x0000000724100000, 0x0000000724100000| Untracked 
|  46|0x0000000724200000, 0x0000000724200000, 0x0000000724300000|  0%| F|  |TAMS 0x0000000724200000, 0x0000000724200000| Untracked 
|  47|0x0000000724300000, 0x0000000724300000, 0x0000000724400000|  0%| F|  |TAMS 0x0000000724300000, 0x0000000724300000| Untracked 
|  48|0x0000000724400000, 0x0000000724400000, 0x0000000724500000|  0%| F|  |TAMS 0x0000000724400000, 0x0000000724400000| Untracked 
|  49|0x0000000724500000, 0x0000000724500000, 0x0000000724600000|  0%| F|  |TAMS 0x0000000724500000, 0x0000000724500000| Untracked 
|  50|0x0000000724600000, 0x0000000724600000, 0x0000000724700000|  0%| F|  |TAMS 0x0000000724600000, 0x0000000724600000| Untracked 
|  51|0x0000000724700000, 0x0000000724700000, 0x0000000724800000|  0%| F|  |TAMS 0x0000000724700000, 0x0000000724700000| Untracked 
|  52|0x0000000724800000, 0x0000000724800000, 0x0000000724900000|  0%| F|  |TAMS 0x0000000724800000, 0x0000000724800000| Untracked 
|  53|0x0000000724900000, 0x0000000724900000, 0x0000000724a00000|  0%| F|  |TAMS 0x0000000724900000, 0x0000000724900000| Untracked 
|  54|0x0000000724a00000, 0x0000000724a00000, 0x0000000724b00000|  0%| F|  |TAMS 0x0000000724a00000, 0x0000000724a00000| Untracked 
|  55|0x0000000724b00000, 0x0000000724b00000, 0x0000000724c00000|  0%| F|  |TAMS 0x0000000724b00000, 0x0000000724b00000| Untracked 
|  56|0x0000000724c00000, 0x0000000724c00000, 0x0000000724d00000|  0%| F|  |TAMS 0x0000000724c00000, 0x0000000724c00000| Untracked 
|  57|0x0000000724d00000, 0x0000000724d00000, 0x0000000724e00000|  0%| F|  |TAMS 0x0000000724d00000, 0x0000000724d00000| Untracked 
|  58|0x0000000724e00000, 0x0000000724e00000, 0x0000000724f00000|  0%| F|  |TAMS 0x0000000724e00000, 0x0000000724e00000| Untracked 
|  59|0x0000000724f00000, 0x0000000724f00000, 0x0000000725000000|  0%| F|  |TAMS 0x0000000724f00000, 0x0000000724f00000| Untracked 
|  60|0x0000000725000000, 0x0000000725000000, 0x0000000725100000|  0%| F|  |TAMS 0x0000000725000000, 0x0000000725000000| Untracked 
|  61|0x0000000725100000, 0x0000000725100000, 0x0000000725200000|  0%| F|  |TAMS 0x0000000725100000, 0x0000000725100000| Untracked 
|  62|0x0000000725200000, 0x0000000725200000, 0x0000000725300000|  0%| F|  |TAMS 0x0000000725200000, 0x0000000725200000| Untracked 
|  63|0x0000000725300000, 0x0000000725300000, 0x0000000725400000|  0%| F|  |TAMS 0x0000000725300000, 0x0000000725300000| Untracked 
|  64|0x0000000725400000, 0x0000000725400000, 0x0000000725500000|  0%| F|  |TAMS 0x0000000725400000, 0x0000000725400000| Untracked 
|  65|0x0000000725500000, 0x0000000725500000, 0x0000000725600000|  0%| F|  |TAMS 0x0000000725500000, 0x0000000725500000| Untracked 
|  66|0x0000000725600000, 0x0000000725600000, 0x0000000725700000|  0%| F|  |TAMS 0x0000000725600000, 0x0000000725600000| Untracked 
|  67|0x0000000725700000, 0x0000000725700000, 0x0000000725800000|  0%| F|  |TAMS 0x0000000725700000, 0x0000000725700000| Untracked 
|  68|0x0000000725800000, 0x0000000725800000, 0x0000000725900000|  0%| F|  |TAMS 0x0000000725800000, 0x0000000725800000| Untracked 
|  69|0x0000000725900000, 0x0000000725900000, 0x0000000725a00000|  0%| F|  |TAMS 0x0000000725900000, 0x0000000725900000| Untracked 
|  70|0x0000000725a00000, 0x0000000725a00000, 0x0000000725b00000|  0%| F|  |TAMS 0x0000000725a00000, 0x0000000725a00000| Untracked 
|  71|0x0000000725b00000, 0x0000000725b00000, 0x0000000725c00000|  0%| F|  |TAMS 0x0000000725b00000, 0x0000000725b00000| Untracked 
|  72|0x0000000725c00000, 0x0000000725c00000, 0x0000000725d00000|  0%| F|  |TAMS 0x0000000725c00000, 0x0000000725c00000| Untracked 
|  73|0x0000000725d00000, 0x0000000725d00000, 0x0000000725e00000|  0%| F|  |TAMS 0x0000000725d00000, 0x0000000725d00000| Untracked 
|  74|0x0000000725e00000, 0x0000000725e00000, 0x0000000725f00000|  0%| F|  |TAMS 0x0000000725e00000, 0x0000000725e00000| Untracked 
|  75|0x0000000725f00000, 0x0000000725f00000, 0x0000000726000000|  0%| F|  |TAMS 0x0000000725f00000, 0x0000000725f00000| Untracked 
|  76|0x0000000726000000, 0x0000000726000000, 0x0000000726100000|  0%| F|  |TAMS 0x0000000726000000, 0x0000000726000000| Untracked 
|  77|0x0000000726100000, 0x0000000726100000, 0x0000000726200000|  0%| F|  |TAMS 0x0000000726100000, 0x0000000726100000| Untracked 
|  78|0x0000000726200000, 0x0000000726200000, 0x0000000726300000|  0%| F|  |TAMS 0x0000000726200000, 0x0000000726200000| Untracked 
|  79|0x0000000726300000, 0x0000000726300000, 0x0000000726400000|  0%| F|  |TAMS 0x0000000726300000, 0x0000000726300000| Untracked 
|  80|0x0000000726400000, 0x0000000726400000, 0x0000000726500000|  0%| F|  |TAMS 0x0000000726400000, 0x0000000726400000| Untracked 
|  81|0x0000000726500000, 0x0000000726500000, 0x0000000726600000|  0%| F|  |TAMS 0x0000000726500000, 0x0000000726500000| Untracked 
|  82|0x0000000726600000, 0x0000000726600000, 0x0000000726700000|  0%| F|  |TAMS 0x0000000726600000, 0x0000000726600000| Untracked 
|  83|0x0000000726700000, 0x0000000726700000, 0x0000000726800000|  0%| F|  |TAMS 0x0000000726700000, 0x0000000726700000| Untracked 
|  84|0x0000000726800000, 0x0000000726800000, 0x0000000726900000|  0%| F|  |TAMS 0x0000000726800000, 0x0000000726800000| Untracked 
|  85|0x0000000726900000, 0x0000000726900000, 0x0000000726a00000|  0%| F|  |TAMS 0x0000000726900000, 0x0000000726900000| Untracked 
|  86|0x0000000726a00000, 0x0000000726a00000, 0x0000000726b00000|  0%| F|  |TAMS 0x0000000726a00000, 0x0000000726a00000| Untracked 
|  87|0x0000000726b00000, 0x0000000726b00000, 0x0000000726c00000|  0%| F|  |TAMS 0x0000000726b00000, 0x0000000726b00000| Untracked 
|  88|0x0000000726c00000, 0x0000000726c00000, 0x0000000726d00000|  0%| F|  |TAMS 0x0000000726c00000, 0x0000000726c00000| Untracked 
|  89|0x0000000726d00000, 0x0000000726d00000, 0x0000000726e00000|  0%| F|  |TAMS 0x0000000726d00000, 0x0000000726d00000| Untracked 
|  90|0x0000000726e00000, 0x0000000726e00000, 0x0000000726f00000|  0%| F|  |TAMS 0x0000000726e00000, 0x0000000726e00000| Untracked 
|  91|0x0000000726f00000, 0x0000000726f00000, 0x0000000727000000|  0%| F|  |TAMS 0x0000000726f00000, 0x0000000726f00000| Untracked 
|  92|0x0000000727000000, 0x0000000727000000, 0x0000000727100000|  0%| F|  |TAMS 0x0000000727000000, 0x0000000727000000| Untracked 
|  93|0x0000000727100000, 0x0000000727100000, 0x0000000727200000|  0%| F|  |TAMS 0x0000000727100000, 0x0000000727100000| Untracked 
|  94|0x0000000727200000, 0x0000000727200000, 0x0000000727300000|  0%| F|  |TAMS 0x0000000727200000, 0x0000000727200000| Untracked 
|  95|0x0000000727300000, 0x0000000727300000, 0x0000000727400000|  0%| F|  |TAMS 0x0000000727300000, 0x0000000727300000| Untracked 
|  96|0x0000000727400000, 0x0000000727400000, 0x0000000727500000|  0%| F|  |TAMS 0x0000000727400000, 0x0000000727400000| Untracked 
|  97|0x0000000727500000, 0x0000000727500000, 0x0000000727600000|  0%| F|  |TAMS 0x0000000727500000, 0x0000000727500000| Untracked 
|  98|0x0000000727600000, 0x0000000727600000, 0x0000000727700000|  0%| F|  |TAMS 0x0000000727600000, 0x0000000727600000| Untracked 
|  99|0x0000000727700000, 0x0000000727700000, 0x0000000727800000|  0%| F|  |TAMS 0x0000000727700000, 0x0000000727700000| Untracked 
| 100|0x0000000727800000, 0x0000000727800000, 0x0000000727900000|  0%| F|  |TAMS 0x0000000727800000, 0x0000000727800000| Untracked 
| 101|0x0000000727900000, 0x0000000727900000, 0x0000000727a00000|  0%| F|  |TAMS 0x0000000727900000, 0x0000000727900000| Untracked 
| 102|0x0000000727a00000, 0x0000000727a00000, 0x0000000727b00000|  0%| F|  |TAMS 0x0000000727a00000, 0x0000000727a00000| Untracked 
| 103|0x0000000727b00000, 0x0000000727b00000, 0x0000000727c00000|  0%| F|  |TAMS 0x0000000727b00000, 0x0000000727b00000| Untracked 
| 104|0x0000000727c00000, 0x0000000727c00000, 0x0000000727d00000|  0%| F|  |TAMS 0x0000000727c00000, 0x0000000727c00000| Untracked 
| 105|0x0000000727d00000, 0x0000000727d00000, 0x0000000727e00000|  0%| F|  |TAMS 0x0000000727d00000, 0x0000000727d00000| Untracked 
| 106|0x0000000727e00000, 0x0000000727e00000, 0x0000000727f00000|  0%| F|  |TAMS 0x0000000727e00000, 0x0000000727e00000| Untracked 
| 107|0x0000000727f00000, 0x0000000727f00000, 0x0000000728000000|  0%| F|  |TAMS 0x0000000727f00000, 0x0000000727f00000| Untracked 
| 108|0x0000000728000000, 0x0000000728000000, 0x0000000728100000|  0%| F|  |TAMS 0x0000000728000000, 0x0000000728000000| Untracked 
| 109|0x0000000728100000, 0x0000000728100000, 0x0000000728200000|  0%| F|  |TAMS 0x0000000728100000, 0x0000000728100000| Untracked 
| 110|0x0000000728200000, 0x0000000728200000, 0x0000000728300000|  0%| F|  |TAMS 0x0000000728200000, 0x0000000728200000| Untracked 
| 111|0x0000000728300000, 0x0000000728300000, 0x0000000728400000|  0%| F|  |TAMS 0x0000000728300000, 0x0000000728300000| Untracked 
| 112|0x0000000728400000, 0x0000000728400000, 0x0000000728500000|  0%| F|  |TAMS 0x0000000728400000, 0x0000000728400000| Untracked 
| 113|0x0000000728500000, 0x0000000728500000, 0x0000000728600000|  0%| F|  |TAMS 0x0000000728500000, 0x0000000728500000| Untracked 
| 114|0x0000000728600000, 0x0000000728600000, 0x0000000728700000|  0%| F|  |TAMS 0x0000000728600000, 0x0000000728600000| Untracked 
| 115|0x0000000728700000, 0x0000000728700000, 0x0000000728800000|  0%| F|  |TAMS 0x0000000728700000, 0x0000000728700000| Untracked 
| 116|0x0000000728800000, 0x0000000728800000, 0x0000000728900000|  0%| F|  |TAMS 0x0000000728800000, 0x0000000728800000| Untracked 
| 117|0x0000000728900000, 0x0000000728900000, 0x0000000728a00000|  0%| F|  |TAMS 0x0000000728900000, 0x0000000728900000| Untracked 
| 118|0x0000000728a00000, 0x0000000728a00000, 0x0000000728b00000|  0%| F|  |TAMS 0x0000000728a00000, 0x0000000728a00000| Untracked 
| 119|0x0000000728b00000, 0x0000000728b00000, 0x0000000728c00000|  0%| F|  |TAMS 0x0000000728b00000, 0x0000000728b00000| Untracked 
| 120|0x0000000728c00000, 0x0000000728c00000, 0x0000000728d00000|  0%| F|  |TAMS 0x0000000728c00000, 0x0000000728c00000| Untracked 
| 121|0x0000000728d00000, 0x0000000728d00000, 0x0000000728e00000|  0%| F|  |TAMS 0x0000000728d00000, 0x0000000728d00000| Untracked 
| 122|0x0000000728e00000, 0x0000000728e00000, 0x0000000728f00000|  0%| F|  |TAMS 0x0000000728e00000, 0x0000000728e00000| Untracked 
| 123|0x0000000728f00000, 0x0000000728f00000, 0x0000000729000000|  0%| F|  |TAMS 0x0000000728f00000, 0x0000000728f00000| Untracked 
| 124|0x0000000729000000, 0x0000000729000000, 0x0000000729100000|  0%| F|  |TAMS 0x0000000729000000, 0x0000000729000000| Untracked 
| 125|0x0000000729100000, 0x0000000729100000, 0x0000000729200000|  0%| F|  |TAMS 0x0000000729100000, 0x0000000729100000| Untracked 
| 126|0x0000000729200000, 0x0000000729200000, 0x0000000729300000|  0%| F|  |TAMS 0x0000000729200000, 0x0000000729200000| Untracked 
| 127|0x0000000729300000, 0x0000000729300000, 0x0000000729400000|  0%| F|  |TAMS 0x0000000729300000, 0x0000000729300000| Untracked 
| 128|0x0000000729400000, 0x0000000729400000, 0x0000000729500000|  0%| F|  |TAMS 0x0000000729400000, 0x0000000729400000| Untracked 
| 129|0x0000000729500000, 0x0000000729500000, 0x0000000729600000|  0%| F|  |TAMS 0x0000000729500000, 0x0000000729500000| Untracked 
| 130|0x0000000729600000, 0x0000000729600000, 0x0000000729700000|  0%| F|  |TAMS 0x0000000729600000, 0x0000000729600000| Untracked 
| 131|0x0000000729700000, 0x0000000729700000, 0x0000000729800000|  0%| F|  |TAMS 0x0000000729700000, 0x0000000729700000| Untracked 
| 132|0x0000000729800000, 0x0000000729800000, 0x0000000729900000|  0%| F|  |TAMS 0x0000000729800000, 0x0000000729800000| Untracked 
| 133|0x0000000729900000, 0x0000000729900000, 0x0000000729a00000|  0%| F|  |TAMS 0x0000000729900000, 0x0000000729900000| Untracked 
| 134|0x0000000729a00000, 0x0000000729a00000, 0x0000000729b00000|  0%| F|  |TAMS 0x0000000729a00000, 0x0000000729a00000| Untracked 
| 135|0x0000000729b00000, 0x0000000729b00000, 0x0000000729c00000|  0%| F|  |TAMS 0x0000000729b00000, 0x0000000729b00000| Untracked 
| 136|0x0000000729c00000, 0x0000000729c00000, 0x0000000729d00000|  0%| F|  |TAMS 0x0000000729c00000, 0x0000000729c00000| Untracked 
| 137|0x0000000729d00000, 0x0000000729d00000, 0x0000000729e00000|  0%| F|  |TAMS 0x0000000729d00000, 0x0000000729d00000| Untracked 
| 138|0x0000000729e00000, 0x0000000729e00000, 0x0000000729f00000|  0%| F|  |TAMS 0x0000000729e00000, 0x0000000729e00000| Untracked 
| 139|0x0000000729f00000, 0x0000000729f00000, 0x000000072a000000|  0%| F|  |TAMS 0x0000000729f00000, 0x0000000729f00000| Untracked 
| 140|0x000000072a000000, 0x000000072a000000, 0x000000072a100000|  0%| F|  |TAMS 0x000000072a000000, 0x000000072a000000| Untracked 
| 141|0x000000072a100000, 0x000000072a100000, 0x000000072a200000|  0%| F|  |TAMS 0x000000072a100000, 0x000000072a100000| Untracked 
| 142|0x000000072a200000, 0x000000072a200000, 0x000000072a300000|  0%| F|  |TAMS 0x000000072a200000, 0x000000072a200000| Untracked 
| 143|0x000000072a300000, 0x000000072a300000, 0x000000072a400000|  0%| F|  |TAMS 0x000000072a300000, 0x000000072a300000| Untracked 
| 144|0x000000072a400000, 0x000000072a400000, 0x000000072a500000|  0%| F|  |TAMS 0x000000072a400000, 0x000000072a400000| Untracked 
| 145|0x000000072a500000, 0x000000072a500000, 0x000000072a600000|  0%| F|  |TAMS 0x000000072a500000, 0x000000072a500000| Untracked 
| 146|0x000000072a600000, 0x000000072a600000, 0x000000072a700000|  0%| F|  |TAMS 0x000000072a600000, 0x000000072a600000| Untracked 
| 147|0x000000072a700000, 0x000000072a700000, 0x000000072a800000|  0%| F|  |TAMS 0x000000072a700000, 0x000000072a700000| Untracked 
| 148|0x000000072a800000, 0x000000072a800000, 0x000000072a900000|  0%| F|  |TAMS 0x000000072a800000, 0x000000072a800000| Untracked 
| 149|0x000000072a900000, 0x000000072a900000, 0x000000072aa00000|  0%| F|  |TAMS 0x000000072a900000, 0x000000072a900000| Untracked 
| 150|0x000000072aa00000, 0x000000072aa00000, 0x000000072ab00000|  0%| F|  |TAMS 0x000000072aa00000, 0x000000072aa00000| Untracked 
| 151|0x000000072ab00000, 0x000000072ab00000, 0x000000072ac00000|  0%| F|  |TAMS 0x000000072ab00000, 0x000000072ab00000| Untracked 
| 152|0x000000072ac00000, 0x000000072ac00000, 0x000000072ad00000|  0%| F|  |TAMS 0x000000072ac00000, 0x000000072ac00000| Untracked 
| 153|0x000000072ad00000, 0x000000072ad00000, 0x000000072ae00000|  0%| F|  |TAMS 0x000000072ad00000, 0x000000072ad00000| Untracked 
| 154|0x000000072ae00000, 0x000000072ae00000, 0x000000072af00000|  0%| F|  |TAMS 0x000000072ae00000, 0x000000072ae00000| Untracked 
| 155|0x000000072af00000, 0x000000072af00000, 0x000000072b000000|  0%| F|  |TAMS 0x000000072af00000, 0x000000072af00000| Untracked 
| 156|0x000000072b000000, 0x000000072b000000, 0x000000072b100000|  0%| F|  |TAMS 0x000000072b000000, 0x000000072b000000| Untracked 
| 157|0x000000072b100000, 0x000000072b100000, 0x000000072b200000|  0%| F|  |TAMS 0x000000072b100000, 0x000000072b100000| Untracked 
| 158|0x000000072b200000, 0x000000072b200000, 0x000000072b300000|  0%| F|  |TAMS 0x000000072b200000, 0x000000072b200000| Untracked 
| 159|0x000000072b300000, 0x000000072b300000, 0x000000072b400000|  0%| F|  |TAMS 0x000000072b300000, 0x000000072b300000| Untracked 
| 160|0x000000072b400000, 0x000000072b400000, 0x000000072b500000|  0%| F|  |TAMS 0x000000072b400000, 0x000000072b400000| Untracked 
| 161|0x000000072b500000, 0x000000072b500000, 0x000000072b600000|  0%| F|  |TAMS 0x000000072b500000, 0x000000072b500000| Untracked 
| 162|0x000000072b600000, 0x000000072b600000, 0x000000072b700000|  0%| F|  |TAMS 0x000000072b600000, 0x000000072b600000| Untracked 
| 163|0x000000072b700000, 0x000000072b700000, 0x000000072b800000|  0%| F|  |TAMS 0x000000072b700000, 0x000000072b700000| Untracked 
| 164|0x000000072b800000, 0x000000072b800000, 0x000000072b900000|  0%| F|  |TAMS 0x000000072b800000, 0x000000072b800000| Untracked 
| 165|0x000000072b900000, 0x000000072b900000, 0x000000072ba00000|  0%| F|  |TAMS 0x000000072b900000, 0x000000072b900000| Untracked 
| 166|0x000000072ba00000, 0x000000072ba00000, 0x000000072bb00000|  0%| F|  |TAMS 0x000000072ba00000, 0x000000072ba00000| Untracked 
| 167|0x000000072bb00000, 0x000000072bb00000, 0x000000072bc00000|  0%| F|  |TAMS 0x000000072bb00000, 0x000000072bb00000| Untracked 
| 168|0x000000072bc00000, 0x000000072bc00000, 0x000000072bd00000|  0%| F|  |TAMS 0x000000072bc00000, 0x000000072bc00000| Untracked 
| 169|0x000000072bd00000, 0x000000072bd00000, 0x000000072be00000|  0%| F|  |TAMS 0x000000072bd00000, 0x000000072bd00000| Untracked 
| 170|0x000000072be00000, 0x000000072be00000, 0x000000072bf00000|  0%| F|  |TAMS 0x000000072be00000, 0x000000072be00000| Untracked 
| 171|0x000000072bf00000, 0x000000072bf00000, 0x000000072c000000|  0%| F|  |TAMS 0x000000072bf00000, 0x000000072bf00000| Untracked 
| 172|0x000000072c000000, 0x000000072c000000, 0x000000072c100000|  0%| F|  |TAMS 0x000000072c000000, 0x000000072c000000| Untracked 
| 173|0x000000072c100000, 0x000000072c100000, 0x000000072c200000|  0%| F|  |TAMS 0x000000072c100000, 0x000000072c100000| Untracked 
| 174|0x000000072c200000, 0x000000072c200000, 0x000000072c300000|  0%| F|  |TAMS 0x000000072c200000, 0x000000072c200000| Untracked 
| 175|0x000000072c300000, 0x000000072c300000, 0x000000072c400000|  0%| F|  |TAMS 0x000000072c300000, 0x000000072c300000| Untracked 
| 176|0x000000072c400000, 0x000000072c400000, 0x000000072c500000|  0%| F|  |TAMS 0x000000072c400000, 0x000000072c400000| Untracked 
| 177|0x000000072c500000, 0x000000072c500000, 0x000000072c600000|  0%| F|  |TAMS 0x000000072c500000, 0x000000072c500000| Untracked 
| 178|0x000000072c600000, 0x000000072c600000, 0x000000072c700000|  0%| F|  |TAMS 0x000000072c600000, 0x000000072c600000| Untracked 
| 179|0x000000072c700000, 0x000000072c700000, 0x000000072c800000|  0%| F|  |TAMS 0x000000072c700000, 0x000000072c700000| Untracked 
| 180|0x000000072c800000, 0x000000072c800000, 0x000000072c900000|  0%| F|  |TAMS 0x000000072c800000, 0x000000072c800000| Untracked 
| 181|0x000000072c900000, 0x000000072c900000, 0x000000072ca00000|  0%| F|  |TAMS 0x000000072c900000, 0x000000072c900000| Untracked 
| 182|0x000000072ca00000, 0x000000072ca00000, 0x000000072cb00000|  0%| F|  |TAMS 0x000000072ca00000, 0x000000072ca00000| Untracked 
| 183|0x000000072cb00000, 0x000000072cb00000, 0x000000072cc00000|  0%| F|  |TAMS 0x000000072cb00000, 0x000000072cb00000| Untracked 
| 184|0x000000072cc00000, 0x000000072cc00000, 0x000000072cd00000|  0%| F|  |TAMS 0x000000072cc00000, 0x000000072cc00000| Untracked 
| 185|0x000000072cd00000, 0x000000072cd00000, 0x000000072ce00000|  0%| F|  |TAMS 0x000000072cd00000, 0x000000072cd00000| Untracked 
| 186|0x000000072ce00000, 0x000000072ce00000, 0x000000072cf00000|  0%| F|  |TAMS 0x000000072ce00000, 0x000000072ce00000| Untracked 
| 187|0x000000072cf00000, 0x000000072cf00000, 0x000000072d000000|  0%| F|  |TAMS 0x000000072cf00000, 0x000000072cf00000| Untracked 
| 188|0x000000072d000000, 0x000000072d000000, 0x000000072d100000|  0%| F|  |TAMS 0x000000072d000000, 0x000000072d000000| Untracked 
| 189|0x000000072d100000, 0x000000072d100000, 0x000000072d200000|  0%| F|  |TAMS 0x000000072d100000, 0x000000072d100000| Untracked 
| 190|0x000000072d200000, 0x000000072d200000, 0x000000072d300000|  0%| F|  |TAMS 0x000000072d200000, 0x000000072d200000| Untracked 
| 191|0x000000072d300000, 0x000000072d300000, 0x000000072d400000|  0%| F|  |TAMS 0x000000072d300000, 0x000000072d300000| Untracked 
| 192|0x000000072d400000, 0x000000072d400000, 0x000000072d500000|  0%| F|  |TAMS 0x000000072d400000, 0x000000072d400000| Untracked 
| 193|0x000000072d500000, 0x000000072d500000, 0x000000072d600000|  0%| F|  |TAMS 0x000000072d500000, 0x000000072d500000| Untracked 
| 194|0x000000072d600000, 0x000000072d600000, 0x000000072d700000|  0%| F|  |TAMS 0x000000072d600000, 0x000000072d600000| Untracked 
| 195|0x000000072d700000, 0x000000072d700000, 0x000000072d800000|  0%| F|  |TAMS 0x000000072d700000, 0x000000072d700000| Untracked 
| 196|0x000000072d800000, 0x000000072d800000, 0x000000072d900000|  0%| F|  |TAMS 0x000000072d800000, 0x000000072d800000| Untracked 
| 197|0x000000072d900000, 0x000000072d900000, 0x000000072da00000|  0%| F|  |TAMS 0x000000072d900000, 0x000000072d900000| Untracked 
| 198|0x000000072da00000, 0x000000072da00000, 0x000000072db00000|  0%| F|  |TAMS 0x000000072da00000, 0x000000072da00000| Untracked 
| 199|0x000000072db00000, 0x000000072db00000, 0x000000072dc00000|  0%| F|  |TAMS 0x000000072db00000, 0x000000072db00000| Untracked 
| 200|0x000000072dc00000, 0x000000072dc00000, 0x000000072dd00000|  0%| F|  |TAMS 0x000000072dc00000, 0x000000072dc00000| Untracked 
| 201|0x000000072dd00000, 0x000000072dd00000, 0x000000072de00000|  0%| F|  |TAMS 0x000000072dd00000, 0x000000072dd00000| Untracked 
| 202|0x000000072de00000, 0x000000072de00000, 0x000000072df00000|  0%| F|  |TAMS 0x000000072de00000, 0x000000072de00000| Untracked 
| 203|0x000000072df00000, 0x000000072df00000, 0x000000072e000000|  0%| F|  |TAMS 0x000000072df00000, 0x000000072df00000| Untracked 
| 204|0x000000072e000000, 0x000000072e07b628, 0x000000072e100000| 48%| E|  |TAMS 0x000000072e000000, 0x000000072e000000| Complete 
| 205|0x000000072e100000, 0x000000072e200000, 0x000000072e200000|100%| E|CS|TAMS 0x000000072e100000, 0x000000072e100000| Complete 
| 206|0x000000072e200000, 0x000000072e300000, 0x000000072e300000|100%| E|CS|TAMS 0x000000072e200000, 0x000000072e200000| Complete 
| 207|0x000000072e300000, 0x000000072e400000, 0x000000072e400000|100%| E|  |TAMS 0x000000072e300000, 0x000000072e300000| Complete 
| 208|0x000000072e400000, 0x000000072e500000, 0x000000072e500000|100%| E|CS|TAMS 0x000000072e400000, 0x000000072e400000| Complete 
| 209|0x000000072e500000, 0x000000072e600000, 0x000000072e600000|100%| E|CS|TAMS 0x000000072e500000, 0x000000072e500000| Complete 
| 210|0x000000072e600000, 0x000000072e700000, 0x000000072e700000|100%| E|CS|TAMS 0x000000072e600000, 0x000000072e600000| Complete 
| 211|0x000000072e700000, 0x000000072e800000, 0x000000072e800000|100%| E|CS|TAMS 0x000000072e700000, 0x000000072e700000| Complete 
| 212|0x000000072e800000, 0x000000072e900000, 0x000000072e900000|100%| E|CS|TAMS 0x000000072e800000, 0x000000072e800000| Complete 
| 213|0x000000072e900000, 0x000000072ea00000, 0x000000072ea00000|100%| E|CS|TAMS 0x000000072e900000, 0x000000072e900000| Complete 
| 214|0x000000072ea00000, 0x000000072eb00000, 0x000000072eb00000|100%| E|CS|TAMS 0x000000072ea00000, 0x000000072ea00000| Complete 
| 215|0x000000072eb00000, 0x000000072ec00000, 0x000000072ec00000|100%| E|CS|TAMS 0x000000072eb00000, 0x000000072eb00000| Complete 
| 216|0x000000072ec00000, 0x000000072ed00000, 0x000000072ed00000|100%| E|CS|TAMS 0x000000072ec00000, 0x000000072ec00000| Complete 
| 217|0x000000072ed00000, 0x000000072ee00000, 0x000000072ee00000|100%| E|CS|TAMS 0x000000072ed00000, 0x000000072ed00000| Complete 
| 218|0x000000072ee00000, 0x000000072ef00000, 0x000000072ef00000|100%| E|CS|TAMS 0x000000072ee00000, 0x000000072ee00000| Complete 
| 219|0x000000072ef00000, 0x000000072f000000, 0x000000072f000000|100%| E|CS|TAMS 0x000000072ef00000, 0x000000072ef00000| Complete 
| 220|0x000000072f000000, 0x000000072f100000, 0x000000072f100000|100%| E|CS|TAMS 0x000000072f000000, 0x000000072f000000| Complete 
| 221|0x000000072f100000, 0x000000072f200000, 0x000000072f200000|100%| E|CS|TAMS 0x000000072f100000, 0x000000072f100000| Complete 
| 222|0x000000072f200000, 0x000000072f300000, 0x000000072f300000|100%| E|CS|TAMS 0x000000072f200000, 0x000000072f200000| Complete 
| 223|0x000000072f300000, 0x000000072f400000, 0x000000072f400000|100%| E|CS|TAMS 0x000000072f300000, 0x000000072f300000| Complete 

Card table byte_map: [0x000002263d210000,0x000002263d910000] _byte_map_base: 0x0000022639906000

Marking Bits (Prev, Next): (CMBitMap*) 0x00000226251dbc08, (CMBitMap*) 0x00000226251dbc40
 Prev Bits: [0x000002263e010000, 0x00000226417c0000)
 Next Bits: [0x00000226417c0000, 0x0000022644f70000)

Polling page: 0x0000022622e60000

Metaspace:

Usage:
  Non-class:      8.91 MB capacity,     8.76 MB ( 98%) used,   120.09 KB (  1%) free+waste,    29.25 KB ( <1%) overhead. 
      Class:      1.07 MB capacity,   967.60 KB ( 88%) used,   111.52 KB ( 10%) free+waste,    14.88 KB (  1%) overhead. 
       Both:      9.98 MB capacity,     9.71 MB ( 97%) used,   231.62 KB (  2%) free+waste,    44.13 KB ( <1%) overhead. 

Virtual space:
  Non-class space:       10.00 MB reserved,       9.00 MB ( 90%) committed 
      Class space:        1.00 GB reserved,       1.13 MB ( <1%) committed 
             Both:        1.01 GB reserved,      10.13 MB ( <1%) committed 

Chunk freelists:
   Non-Class:  29.00 KB
       Class:  0 bytes
        Both:  29.00 KB

MaxMetaspaceSize: 17179869184.00 GB
CompressedClassSpaceSize: 1.00 GB

CodeHeap 'non-profiled nmethods': size=120000Kb used=341Kb max_used=341Kb free=119658Kb
 bounds [0x00000226352b0000, 0x0000022635520000, 0x000002263c7e0000]
CodeHeap 'profiled nmethods': size=120000Kb used=1817Kb max_used=1817Kb free=118182Kb
 bounds [0x000002262dd80000, 0x000002262dff0000, 0x00000226352b0000]
CodeHeap 'non-nmethods': size=5760Kb used=1142Kb max_used=1155Kb free=4617Kb
 bounds [0x000002262d7e0000, 0x000002262da50000, 0x000002262dd80000]
 total_blobs=1460 nmethods=990 adapters=382
 compilation: enabled
              stopped_count=0, restarted_count=0
 full_count=0

Compilation events (20 events):
Event: 0.968 Thread 0x00000226483af000  979       3       java.lang.invoke.MemberName::isField (7 bytes)
Event: 0.968 Thread 0x00000226483af000 nmethod 979 0x000002262df40c90 code [0x000002262df40e40, 0x000002262df41078]
Event: 0.968 Thread 0x00000226483af000  980       3       java.lang.invoke.DirectMethodHandle::maybeCompile (24 bytes)
Event: 0.969 Thread 0x00000226485c8800 nmethod 982 0x0000022635304190 code [0x0000022635304340, 0x00000226353044d8]
Event: 0.969 Thread 0x00000226483af000 nmethod 980 0x000002262df41190 code [0x000002262df41420, 0x000002262df41cb8]
Event: 0.969 Thread 0x00000226483af000  981       3       java.lang.invoke.DirectMethodHandle::<init> (141 bytes)
Event: 0.970 Thread 0x00000226483a4000 nmethod 971 0x0000022635304690 code [0x0000022635304880, 0x0000022635304dc8]
Event: 0.970 Thread 0x00000226483af000 nmethod 981 0x000002262df42010 code [0x000002262df42300, 0x000002262df43408]
Event: 0.970 Thread 0x00000226483af000  984       3       java.lang.invoke.LambdaFormBuffer::indexOf (25 bytes)
Event: 0.970 Thread 0x00000226483af000 nmethod 984 0x000002262df43990 code [0x000002262df43b40, 0x000002262df43d38]
Event: 0.971 Thread 0x00000226483af000  985       3       java.util.Arrays$ArrayItr::next (36 bytes)
Event: 0.971 Thread 0x00000226483af000 nmethod 985 0x000002262df43e10 code [0x000002262df43fe0, 0x000002262df44228]
Event: 0.971 Thread 0x00000226483af000  986       3       java.lang.invoke.LambdaForm::methodType (48 bytes)
Event: 0.972 Thread 0x00000226483af000 nmethod 986 0x000002262df44390 code [0x000002262df445a0, 0x000002262df44bb8]
Event: 0.972 Thread 0x00000226483af000  988       3       jdk.internal.org.objectweb.asm.AnnotationWriter::put (109 bytes)
Event: 0.973 Thread 0x00000226483af000 nmethod 988 0x000002262df44e90 code [0x000002262df450a0, 0x000002262df45518]
Event: 0.973 Thread 0x00000226483af000  989       3       java.lang.String::valueOf (14 bytes)
Event: 0.974 Thread 0x00000226483af000 nmethod 989 0x000002262df45790 code [0x000002262df45960, 0x000002262df45b68]
Event: 0.975 Thread 0x00000226483af000  990       3       java.lang.invoke.BootstrapMethodInvoker::maybeReBox (28 bytes)
Event: 0.975 Thread 0x00000226483af000 nmethod 990 0x000002262df45c10 code [0x000002262df45e00, 0x000002262df46418]

GC Heap History (0 events):
No events

Deoptimization events (20 events):
Event: 0.360 Thread 0x00000226485e5800 Uncommon trap: trap_request=0xffffff4d fr.pc=0x00000226352c4584 relative=0x0000000000000244
Event: 0.360 Thread 0x00000226485e5800 Uncommon trap: reason=unstable_if action=reinterpret pc=0x00000226352c4584 method=java.lang.String.startsWith(Ljava/lang/String;I)Z @ 14 c2
Event: 0.361 Thread 0x00000226485e5800 DEOPT PACKING pc=0x00000226352c4584 sp=0x000000e0093fbde0
Event: 0.361 Thread 0x00000226485e5800 DEOPT UNPACKING pc=0x000002262d80772f sp=0x000000e0093fbd48 mode 2
Event: 0.416 Thread 0x00000226485e5800 DEOPT PACKING pc=0x000002262ddb627f sp=0x000000e0093fe620
Event: 0.416 Thread 0x00000226485e5800 DEOPT UNPACKING pc=0x000002262d80754e sp=0x000000e0093fda70 mode 0
Event: 0.421 Thread 0x00000226485e5800 DEOPT PACKING pc=0x000002262ddc4968 sp=0x000000e0093fea80
Event: 0.421 Thread 0x00000226485e5800 DEOPT UNPACKING pc=0x000002262d80754e sp=0x000000e0093fdef0 mode 0
Event: 0.596 Thread 0x00000226485e5800 DEOPT PACKING pc=0x000002262ddb9bdb sp=0x000000e0093febf0
Event: 0.596 Thread 0x00000226485e5800 DEOPT UNPACKING pc=0x000002262d80754e sp=0x000000e0093fe068 mode 0
Event: 0.647 Thread 0x00000226485e5800 DEOPT PACKING pc=0x000002262ddd2942 sp=0x000000e0093fe960
Event: 0.647 Thread 0x00000226485e5800 DEOPT UNPACKING pc=0x000002262d80754e sp=0x000000e0093fddc8 mode 0
Event: 0.698 Thread 0x00000226485e5800 DEOPT PACKING pc=0x000002262deaa8c7 sp=0x000000e0093feb90
Event: 0.698 Thread 0x00000226485e5800 DEOPT UNPACKING pc=0x000002262d80754e sp=0x000000e0093fdfb0 mode 0
Event: 0.721 Thread 0x00000226485e5800 DEOPT PACKING pc=0x000002262ddb96d0 sp=0x000000e0093fc930
Event: 0.721 Thread 0x00000226485e5800 DEOPT UNPACKING pc=0x000002262d80754e sp=0x000000e0093fbdb8 mode 0
Event: 0.956 Thread 0x00000226485e5800 Uncommon trap: trap_request=0xffffff4d fr.pc=0x00000226352ec85c relative=0x000000000000033c
Event: 0.956 Thread 0x00000226485e5800 Uncommon trap: reason=unstable_if action=reinterpret pc=0x00000226352ec85c method=jdk.internal.org.objectweb.asm.Type.getArgumentsAndReturnSizes(Ljava/lang/String;)I @ 88 c2
Event: 0.956 Thread 0x00000226485e5800 DEOPT PACKING pc=0x00000226352ec85c sp=0x000000e0093fe290
Event: 0.956 Thread 0x00000226485e5800 DEOPT UNPACKING pc=0x000002262d80772f sp=0x000000e0093fe218 mode 2

Classes redefined (0 events):
No events

Internal exceptions (14 events):
Event: 0.328 Thread 0x00000226485e5800 Exception <a 'java/lang/NoSuchMethodError'{0x000000072ee096d8}: 'java.lang.Object java.lang.invoke.DirectMethodHandle$Holder.invokeStatic(java.lang.Object, java.lang.Object, java.lang.Object, java.lang.Object, java.lang.Object, java.lang.Object, java.lang.Object, java.lang.Object, int)'> (0x000000072ee096d8) thrown at [./src/hotspot/share/interpreter/linkResolver.cpp, line 773]
Event: 0.332 Thread 0x00000226485e5800 Exception <a 'java/lang/NoSuchMethodError'{0x000000072ee24b08}: 'java.lang.Object java.lang.invoke.DirectMethodHandle$Holder.invokeStatic(java.lang.Object, java.lang.Object, java.lang.Object, java.lang.Object, java.lang.Object, java.lang.Object, java.lang.Object, java.lang.Object, int, int)'> (0x000000072ee24b08) thrown at [./src/hotspot/share/interpreter/linkResolver.cpp, line 773]
Event: 0.336 Thread 0x00000226485e5800 Exception <a 'java/lang/NoSuchMethodError'{0x000000072ee40018}: 'java.lang.Object java.lang.invoke.DirectMethodHandle$Holder.invokeStatic(java.lang.Object, java.lang.Object, java.lang.Object, java.lang.Object, java.lang.Object, java.lang.Object, java.lang.Object, java.lang.Object, int, int, java.lang.Object)'> (0x000000072ee40018) thrown at [./src/hotspot/share/interpreter/linkResolver.cpp, line 773]
Event: 0.684 Thread 0x00000226485e5800 Exception <a 'java/lang/NoSuchMethodError'{0x000000072e8509f8}: 'java.lang.Object java.lang.invoke.DirectMethodHandle$Holder.invokeStatic(java.lang.Object, java.lang.Object, java.lang.Object, java.lang.Object, java.lang.Object, java.lang.Object, java.lang.Object, java.lang.Object, java.lang.Object, java.lang.Object, java.lang.Object, int)'> (0x000000072e8509f8) thrown at [./src/hotspot/share/interpreter/linkResolver.cpp, line 773]
Event: 0.687 Thread 0x00000226485e5800 Exception <a 'java/lang/NoSuchMethodError'{0x000000072e86e8f8}: 'java.lang.Object java.lang.invoke.DirectMethodHandle$Holder.invokeStatic(java.lang.Object, java.lang.Object, java.lang.Object, java.lang.Object, java.lang.Object, java.lang.Object, java.lang.Object, java.lang.Object, java.lang.Object, java.lang.Object, java.lang.Object, int, int)'> (0x000000072e86e8f8) thrown at [./src/hotspot/share/interpreter/linkResolver.cpp, line 773]
Event: 0.689 Thread 0x00000226485e5800 Exception <a 'java/lang/NoSuchMethodError'{0x000000072e88d688}: 'java.lang.Object java.lang.invoke.DirectMethodHandle$Holder.invokeStatic(java.lang.Object, java.lang.Object, java.lang.Object, java.lang.Object, java.lang.Object, java.lang.Object, java.lang.Object, java.lang.Object, java.lang.Object, java.lang.Object, java.lang.Object, int, int, java.lang.Object)'> (0x000000072e88d688) thrown at [./src/hotspot/share/interpreter/linkResolver.cpp, line 773]
Event: 0.692 Thread 0x00000226485e5800 Exception <a 'java/lang/NoSuchMethodError'{0x000000072e8adce0}: 'java.lang.Object java.lang.invoke.DirectMethodHandle$Holder.invokeStatic(java.lang.Object, java.lang.Object, java.lang.Object, java.lang.Object, java.lang.Object, java.lang.Object, java.lang.Object, java.lang.Object, java.lang.Object, java.lang.Object, java.lang.Object, int, int, java.lang.Object, java.lang.Object)'> (0x000000072e8adce0) thrown at [./src/hotspot/share/interpreter/linkResolver.cpp, line 773]
Event: 0.827 Thread 0x00000226485e5800 Exception <a 'java/lang/NoSuchMethodError'{0x000000072e583810}: 'int java.lang.invoke.DirectMethodHandle$Holder.invokeStaticInit(java.lang.Object, java.lang.Object, java.lang.Object)'> (0x000000072e583810) thrown at [./src/hotspot/share/interpreter/linkResolver.cpp, line 773]
Event: 0.829 Thread 0x00000226485e5800 Exception <a 'java/lang/NoSuchMethodError'{0x000000072e58f158}: 'void java.lang.invoke.DirectMethodHandle$Holder.invokeSpecial(java.lang.Object, java.lang.Object)'> (0x000000072e58f158) thrown at [./src/hotspot/share/interpreter/linkResolver.cpp, line 773]
Event: 0.858 Thread 0x00000226485e5800 Exception <a 'java/lang/NoSuchMethodError'{0x000000072e45a2e8}: 'java.lang.Object java.lang.invoke.DirectMethodHandle$Holder.invokeStatic(java.lang.Object, java.lang.Object, int, java.lang.Object)'> (0x000000072e45a2e8) thrown at [./src/hotspot/share/interpreter/linkResolver.cpp, line 773]
Event: 0.859 Thread 0x00000226485e5800 Exception <a 'java/lang/NoSuchMethodError'{0x000000072e460b18}: 'java.lang.Object java.lang.invoke.Invokers$Holder.linkToTargetMethod(java.lang.Object, int, java.lang.Object, java.lang.Object)'> (0x000000072e460b18) thrown at [./src/hotspot/share/interpreter/linkResolver.cpp, line 773]
Event: 0.952 Thread 0x0000022648fc4000 Exception <a 'java/lang/NoSuchMethodError'{0x000000072e11bd40}: 'void java.lang.invoke.DirectMethodHandle$Holder.invokeStaticInit(java.lang.Object)'> (0x000000072e11bd40) thrown at [./src/hotspot/share/interpreter/linkResolver.cpp, line 773]
Event: 0.975 Thread 0x0000022648ff8000 Exception <a 'java/lang/NullPointerException'{0x000000072e000218}> (0x000000072e000218) thrown at [./src/hotspot/share/prims/jni.cpp, line 1133]
Event: 0.976 Thread 0x00000226494fd000 Exception <a 'java/lang/IllegalStateException'{0x000000072e1fda88}> (0x000000072e1fda88) thrown at [./src/hotspot/share/prims/jvm.cpp, line 1301]

Events (20 events):
Event: 0.969 Executing VM operation: RevokeBias done
Event: 0.974 Executing VM operation: RevokeBias
Event: 0.974 Executing VM operation: RevokeBias done
Event: 0.974 loading class java/util/IdentityHashMap$KeyIterator
Event: 0.974 loading class java/util/IdentityHashMap$IdentityHashMapIterator
Event: 0.974 loading class java/util/IdentityHashMap$IdentityHashMapIterator done
Event: 0.974 loading class java/util/IdentityHashMap$KeyIterator done
Event: 0.974 Thread 0x00000226494fd000 Thread added: 0x00000226494fd000
Event: 0.975 Executing VM operation: RevokeBias
Event: 0.975 Executing VM operation: RevokeBias done
Event: 0.975 Thread 0x0000022648ff8000 Thread added: 0x0000022648ff8000
Event: 0.975 loading class com/sun/javafx/tk/quantum/QuantumRenderer
Event: 0.975 loading class com/sun/javafx/tk/quantum/QuantumRenderer done
Event: 0.975 loading class java/lang/Throwable$WrappedPrintStream
Event: 0.975 loading class java/lang/Throwable$PrintStreamOrWriter
Event: 0.975 loading class java/lang/Throwable$PrintStreamOrWriter done
Event: 0.975 loading class java/lang/Throwable$WrappedPrintStream done
Event: 0.975 loading class com/sun/javafx/tk/quantum/QuantumToolkit
Event: 0.975 loading class com/sun/javafx/tk/quantum/QuantumToolkit done
Event: 0.976 Executing VM operation: Exit


Dynamic libraries:
0x00007ff700220000 - 0x00007ff70022d000 	C:\Users\anton\.jdks\corretto-11.0.8\bin\java.exe
0x00007fff30ae0000 - 0x00007fff30cd0000 	C:\WINDOWS\SYSTEM32\ntdll.dll
0x00007fff30230000 - 0x00007fff302e2000 	C:\WINDOWS\System32\KERNEL32.DLL
0x00007fff2ddd0000 - 0x00007fff2e075000 	C:\WINDOWS\System32\KERNELBASE.dll
0x00007fff2dc80000 - 0x00007fff2dd7a000 	C:\WINDOWS\System32\ucrtbase.dll
0x00007fff03d30000 - 0x00007fff03d45000 	C:\Users\anton\.jdks\corretto-11.0.8\bin\VCRUNTIME140.dll
0x00007fff085d0000 - 0x00007fff085e7000 	C:\Users\anton\.jdks\corretto-11.0.8\bin\jli.dll
0x00007fff154b0000 - 0x00007fff15734000 	C:\WINDOWS\WinSxS\amd64_microsoft.windows.common-controls_6595b64144ccf1df_6.0.18362.1440_none_9e7dbfb9e45e8e67\COMCTL32.dll
0x00007fff2f940000 - 0x00007fff2fad4000 	C:\WINDOWS\System32\USER32.dll
0x00007fff2e2b0000 - 0x00007fff2e2d1000 	C:\WINDOWS\System32\win32u.dll
0x00007fff2f680000 - 0x00007fff2f71e000 	C:\WINDOWS\System32\msvcrt.dll
0x00007fff2f910000 - 0x00007fff2f936000 	C:\WINDOWS\System32\GDI32.dll
0x00007fff2ecc0000 - 0x00007fff2eff6000 	C:\WINDOWS\System32\combase.dll
0x00007fff30510000 - 0x00007fff3062f000 	C:\WINDOWS\System32\RPCRT4.dll
0x00007fff2dae0000 - 0x00007fff2dc78000 	C:\WINDOWS\System32\gdi32full.dll
0x00007fff2e080000 - 0x00007fff2e11e000 	C:\WINDOWS\System32\msvcp_win.dll
0x00007fff2da50000 - 0x00007fff2dad1000 	C:\WINDOWS\System32\bcryptPrimitives.dll
0x00007fff306a0000 - 0x00007fff306ce000 	C:\WINDOWS\System32\IMM32.DLL
0x00007ffefc560000 - 0x00007ffefc5fb000 	C:\Users\anton\.jdks\corretto-11.0.8\bin\msvcp140.dll
0x00007ffebb300000 - 0x00007ffebbdbd000 	C:\Users\anton\.jdks\corretto-11.0.8\bin\server\jvm.dll
0x00007fff2ec10000 - 0x00007fff2ecb3000 	C:\WINDOWS\System32\ADVAPI32.dll
0x00007fff2f730000 - 0x00007fff2f7c7000 	C:\WINDOWS\System32\sechost.dll
0x00007fff30930000 - 0x00007fff30938000 	C:\WINDOWS\System32\PSAPI.DLL
0x00007fff26b60000 - 0x00007fff26b6a000 	C:\WINDOWS\SYSTEM32\VERSION.dll
0x00007fff2b950000 - 0x00007fff2b974000 	C:\WINDOWS\SYSTEM32\WINMM.dll
0x00007fff202d0000 - 0x00007fff202d9000 	C:\WINDOWS\SYSTEM32\WSOCK32.dll
0x00007fff30630000 - 0x00007fff3069f000 	C:\WINDOWS\System32\WS2_32.dll
0x00007fff2b6d0000 - 0x00007fff2b6fd000 	C:\WINDOWS\SYSTEM32\WINMMBASE.dll
0x00007fff2dd80000 - 0x00007fff2ddca000 	C:\WINDOWS\System32\cfgmgr32.dll
0x00007fff2d9c0000 - 0x00007fff2d9d1000 	C:\WINDOWS\System32\kernel.appcore.dll
0x00007fff13a30000 - 0x00007fff13a40000 	C:\Users\anton\.jdks\corretto-11.0.8\bin\verify.dll
0x00007fff2c320000 - 0x00007fff2c514000 	C:\WINDOWS\SYSTEM32\DBGHELP.DLL
0x00007fff1a5d0000 - 0x00007fff1a5fa000 	C:\WINDOWS\SYSTEM32\dbgcore.DLL
0x00007fff03720000 - 0x00007fff03748000 	C:\Users\anton\.jdks\corretto-11.0.8\bin\java.dll
0x00007fff0cd10000 - 0x00007fff0cd1a000 	C:\Users\anton\.jdks\corretto-11.0.8\bin\jimage.dll
0x00007fff03860000 - 0x00007fff03877000 	C:\Users\anton\.jdks\corretto-11.0.8\bin\zip.dll
0x00007fff2fb40000 - 0x00007fff30228000 	C:\WINDOWS\System32\SHELL32.dll
0x00007fff30820000 - 0x00007fff308c7000 	C:\WINDOWS\System32\shcore.dll
0x00007fff2e410000 - 0x00007fff2eb8b000 	C:\WINDOWS\System32\windows.storage.dll
0x00007fff2da30000 - 0x00007fff2da4e000 	C:\WINDOWS\System32\profapi.dll
0x00007fff2d9e0000 - 0x00007fff2da2a000 	C:\WINDOWS\System32\powrprof.dll
0x00007fff2d990000 - 0x00007fff2d9a0000 	C:\WINDOWS\System32\UMPDC.dll
0x00007fff2fae0000 - 0x00007fff2fb32000 	C:\WINDOWS\System32\shlwapi.dll
0x00007fff2e2e0000 - 0x00007fff2e2f7000 	C:\WINDOWS\System32\cryptsp.dll
0x00007fff03150000 - 0x00007fff03169000 	C:\Users\anton\.jdks\corretto-11.0.8\bin\net.dll
0x00007fff23960000 - 0x00007fff23a5a000 	C:\WINDOWS\SYSTEM32\WINHTTP.dll
0x00007fff2d120000 - 0x00007fff2d187000 	C:\WINDOWS\system32\mswsock.dll
0x00007fff030b0000 - 0x00007fff030c2000 	C:\Users\anton\.jdks\corretto-11.0.8\bin\nio.dll
0x00000226230f0000 - 0x00000226230f3000 	C:\Users\anton\.openjfx\cache\15.0.1\api-ms-win-core-console-l1-1-0.dll
0x0000022623100000 - 0x0000022623103000 	C:\Users\anton\.openjfx\cache\15.0.1\api-ms-win-core-console-l1-2-0.dll
0x0000022623110000 - 0x0000022623113000 	C:\Users\anton\.openjfx\cache\15.0.1\api-ms-win-core-datetime-l1-1-0.dll
0x0000022623120000 - 0x0000022623123000 	C:\Users\anton\.openjfx\cache\15.0.1\api-ms-win-core-debug-l1-1-0.dll
0x0000022623130000 - 0x0000022623133000 	C:\Users\anton\.openjfx\cache\15.0.1\api-ms-win-core-errorhandling-l1-1-0.dll
0x0000022623140000 - 0x0000022623144000 	C:\Users\anton\.openjfx\cache\15.0.1\api-ms-win-core-file-l1-1-0.dll
0x0000022623150000 - 0x0000022623153000 	C:\Users\anton\.openjfx\cache\15.0.1\api-ms-win-core-file-l1-2-0.dll
0x0000022623160000 - 0x0000022623163000 	C:\Users\anton\.openjfx\cache\15.0.1\api-ms-win-core-file-l2-1-0.dll
0x0000022623170000 - 0x0000022623173000 	C:\Users\anton\.openjfx\cache\15.0.1\api-ms-win-core-handle-l1-1-0.dll
0x0000022623180000 - 0x0000022623183000 	C:\Users\anton\.openjfx\cache\15.0.1\api-ms-win-core-heap-l1-1-0.dll
0x0000022623190000 - 0x0000022623193000 	C:\Users\anton\.openjfx\cache\15.0.1\api-ms-win-core-interlocked-l1-1-0.dll
0x0000022625080000 - 0x0000022625083000 	C:\Users\anton\.openjfx\cache\15.0.1\api-ms-win-core-libraryloader-l1-1-0.dll
0x0000022625090000 - 0x0000022625093000 	C:\Users\anton\.openjfx\cache\15.0.1\api-ms-win-core-localization-l1-2-0.dll
0x00000226250a0000 - 0x00000226250a3000 	C:\Users\anton\.openjfx\cache\15.0.1\api-ms-win-core-memory-l1-1-0.dll
0x00000226250b0000 - 0x00000226250b3000 	C:\Users\anton\.openjfx\cache\15.0.1\api-ms-win-core-namedpipe-l1-1-0.dll
0x00000226250c0000 - 0x00000226250c3000 	C:\Users\anton\.openjfx\cache\15.0.1\api-ms-win-core-processenvironment-l1-1-0.dll
0x00000226250d0000 - 0x00000226250d3000 	C:\Users\anton\.openjfx\cache\15.0.1\api-ms-win-core-processthreads-l1-1-0.dll
0x00000226250e0000 - 0x00000226250e3000 	C:\Users\anton\.openjfx\cache\15.0.1\api-ms-win-core-processthreads-l1-1-1.dll
0x00000226250f0000 - 0x00000226250f3000 	C:\Users\anton\.openjfx\cache\15.0.1\api-ms-win-core-profile-l1-1-0.dll
0x0000022625100000 - 0x0000022625103000 	C:\Users\anton\.openjfx\cache\15.0.1\api-ms-win-core-rtlsupport-l1-1-0.dll
0x0000022625110000 - 0x0000022625113000 	C:\Users\anton\.openjfx\cache\15.0.1\api-ms-win-core-string-l1-1-0.dll
0x0000022625120000 - 0x0000022625123000 	C:\Users\anton\.openjfx\cache\15.0.1\api-ms-win-core-synch-l1-1-0.dll
0x0000022625130000 - 0x0000022625133000 	C:\Users\anton\.openjfx\cache\15.0.1\api-ms-win-core-synch-l1-2-0.dll
0x0000022625140000 - 0x0000022625143000 	C:\Users\anton\.openjfx\cache\15.0.1\api-ms-win-core-sysinfo-l1-1-0.dll
0x0000022649000000 - 0x0000022649003000 	C:\Users\anton\.openjfx\cache\15.0.1\api-ms-win-core-timezone-l1-1-0.dll
0x0000022649010000 - 0x0000022649013000 	C:\Users\anton\.openjfx\cache\15.0.1\api-ms-win-core-util-l1-1-0.dll
0x0000022649020000 - 0x0000022649023000 	C:\Users\anton\.openjfx\cache\15.0.1\api-ms-win-crt-conio-l1-1-0.dll
0x0000022649030000 - 0x0000022649034000 	C:\Users\anton\.openjfx\cache\15.0.1\api-ms-win-crt-convert-l1-1-0.dll
0x0000022649040000 - 0x0000022649043000 	C:\Users\anton\.openjfx\cache\15.0.1\api-ms-win-crt-environment-l1-1-0.dll
0x0000022649050000 - 0x0000022649053000 	C:\Users\anton\.openjfx\cache\15.0.1\api-ms-win-crt-filesystem-l1-1-0.dll
0x0000022649060000 - 0x0000022649063000 	C:\Users\anton\.openjfx\cache\15.0.1\api-ms-win-crt-heap-l1-1-0.dll
0x0000022649070000 - 0x0000022649073000 	C:\Users\anton\.openjfx\cache\15.0.1\api-ms-win-crt-locale-l1-1-0.dll
0x0000022649080000 - 0x0000022649085000 	C:\Users\anton\.openjfx\cache\15.0.1\api-ms-win-crt-math-l1-1-0.dll
0x0000022649090000 - 0x0000022649095000 	C:\Users\anton\.openjfx\cache\15.0.1\api-ms-win-crt-multibyte-l1-1-0.dll
0x00000226490a0000 - 0x00000226490b0000 	C:\Users\anton\.openjfx\cache\15.0.1\api-ms-win-crt-private-l1-1-0.dll
0x00000226490b0000 - 0x00000226490b3000 	C:\Users\anton\.openjfx\cache\15.0.1\api-ms-win-crt-process-l1-1-0.dll
0x00000226490c0000 - 0x00000226490c4000 	C:\Users\anton\.openjfx\cache\15.0.1\api-ms-win-crt-runtime-l1-1-0.dll
0x00000226490d0000 - 0x00000226490d4000 	C:\Users\anton\.openjfx\cache\15.0.1\api-ms-win-crt-stdio-l1-1-0.dll
0x00000226490e0000 - 0x00000226490e4000 	C:\Users\anton\.openjfx\cache\15.0.1\api-ms-win-crt-string-l1-1-0.dll
0x00000226490f0000 - 0x00000226490f3000 	C:\Users\anton\.openjfx\cache\15.0.1\api-ms-win-crt-time-l1-1-0.dll
0x0000022649100000 - 0x0000022649103000 	C:\Users\anton\.openjfx\cache\15.0.1\api-ms-win-crt-utility-l1-1-0.dll
0x00007ffefc220000 - 0x00007ffefc31c000 	C:\Users\anton\.openjfx\cache\15.0.1\ucrtbase.dll
0x00007ffefeda0000 - 0x00007ffefedb5000 	C:\Users\anton\.openjfx\cache\15.0.1\vcruntime140.dll
0x00007fff0fba0000 - 0x00007fff0fbac000 	C:\Windows\System32\vcruntime140_1.dll
0x00007ffefc4c0000 - 0x00007ffefc55b000 	C:\Users\anton\.openjfx\cache\15.0.1\msvcp140.dll
0x00007ffefd6b0000 - 0x00007ffefd6d3000 	C:\Users\anton\.openjfx\cache\15.0.1\prism_d3d.dll
0x00007fff07ea0000 - 0x00007fff08067000 	C:\WINDOWS\system32\d3d9.dll
0x00007fff2bdf0000 - 0x00007fff2be1d000 	C:\WINDOWS\SYSTEM32\dwmapi.dll
0x00007fff2c590000 - 0x00007fff2c5b0000 	C:\WINDOWS\SYSTEM32\dxcore.dll
0x00007fff2b9d0000 - 0x00007fff2ba69000 	C:\WINDOWS\system32\uxtheme.dll
0x00007fff26640000 - 0x00007fff2681b000 	C:\WINDOWS\System32\DriverStore\FileRepository\u0361132.inf_amd64_4863ccf4c1b997c9\B361196\aticfx64.dll
0x00007fff268b0000 - 0x00007fff268e3000 	C:\WINDOWS\System32\DriverStore\FileRepository\u0361132.inf_amd64_4863ccf4c1b997c9\B361196\atiu9p64.dll
0x00007ffecb550000 - 0x00007ffecc262000 	C:\WINDOWS\System32\DriverStore\FileRepository\u0361132.inf_amd64_4863ccf4c1b997c9\B361196\atiumd64.dll
0x00007fff2f0b0000 - 0x00007fff2f207000 	C:\WINDOWS\System32\ole32.dll
0x00000000645e0000 - 0x000000006549c000 	C:\WINDOWS\System32\DriverStore\FileRepository\u0361132.inf_amd64_4863ccf4c1b997c9\B361196\atiumd6a.dll
0x00007fff25b60000 - 0x00007fff25b90000 	C:\WINDOWS\SYSTEM32\amdihk64.dll
0x00007ffefd2f0000 - 0x00007ffefd335000 	C:\Users\anton\.openjfx\cache\15.0.1\glass.dll
0x00007fff309d0000 - 0x00007fff30aa0000 	C:\WINDOWS\System32\COMDLG32.dll
0x00007fff306f0000 - 0x00007fff307b5000 	C:\WINDOWS\System32\OLEAUT32.dll
0x00007fff2f7d0000 - 0x00007fff2f905000 	C:\WINDOWS\System32\MSCTF.dll

dbghelp: loaded successfully - version: 4.0.5 - missing functions: none
symbol engine: initialized successfully - sym options: 0x614 - pdb path: .;C:\Users\anton\.jdks\corretto-11.0.8\bin;C:\WINDOWS\SYSTEM32;C:\WINDOWS\WinSxS\amd64_microsoft.windows.common-controls_6595b64144ccf1df_6.0.18362.1440_none_9e7dbfb9e45e8e67;C:\Users\anton\.jdks\corretto-11.0.8\bin\server;C:\Users\anton\.openjfx\cache\15.0.1;C:\WINDOWS\System32\DriverStore\FileRepository\u0361132.inf_amd64_4863ccf4c1b997c9\B361196

VM Arguments:
jvm_args: -Dfile.encoding=windows-1252 -Duser.country=MX -Duser.language=es -Duser.variant 
java_command: softwaredesign.Launcher
java_class_path (initial): C:\Users\anton\OneDrive\Escritorio\VU\Year2Period4\Software_Design\vuSDCyberpunk\build\classes\java\main;C:\Users\anton\OneDrive\Escritorio\VU\Year2Period4\Software_Design\vuSDCyberpunk\build\resources\main;C:\Users\anton\.gradle\caches\modules-2\files-2.1\org.openjfx\javafx-fxml\15.0.1\5c36ae238f6d0d5782febed0af9a26defa7c0182\javafx-fxml-15.0.1-win.jar;C:\Users\anton\.gradle\caches\modules-2\files-2.1\org.openjfx\javafx-fxml\15.0.1\1d2a8b3cff48cb8d83deb8aeb00226776146ebc4\javafx-fxml-15.0.1-linux.jar;C:\Users\anton\.gradle\caches\modules-2\files-2.1\org.openjfx\javafx-fxml\15.0.1\120a83ddfd726d9ef09e9569f53459106e8de467\javafx-fxml-15.0.1-mac.jar;C:\Users\anton\.gradle\caches\modules-2\files-2.1\org.openjfx\javafx-controls\15.0.1\4df40eb93a7afd9ed3d7ccfee2701e9cb2215155\javafx-controls-15.0.1-win.jar;C:\Users\anton\.gradle\caches\modules-2\files-2.1\org.openjfx\javafx-controls\15.0.1\11efce24b8ac1a119ec355fd7302dd1e373eb7dd\javafx-controls-15.0.1-linux.jar;C:\Users\anton\.gradle\caches\modules-2\files-2.1\org.openjfx\javafx-controls\15.0.1\cb743a50156d7eca281bfc3547aff4d146972e02\javafx-controls-15.0.1-mac.jar;C:\Users\anton\.gradle\caches\modules-2\files-2.1\org.openjfx\javafx-controls\15.0.1\7e951231ff36d704e8cc8b112b71951c9ccbc15d\javafx-controls-15.0.1.jar;C:\Users\anton\.gradle\caches\modules-2\files-2.1\org.openjfx\javafx-graphics\15.0.1\604e26ca8730f8d996b5c203532f85f4b62894fb\javafx-graphics-15.0.1-win.jar;C:\Users\anton\.gradle\caches\modules-2\files-2.1\org.openjfx\javafx-graphics\15.0.1\6ab161d111b173da74d3754fd4017cf17d491d58\javafx-graphics-15.0.1-linux.jar;C:\Users\anton\.gradle\caches\modules-2\files-2.1\org.openjfx\javafx-graphics\15.0.1\98ced13a06ad705ce0014df60794cedbf297080b\javafx-graphics-15.0.1-mac.jar;C:\Users\anton\.gradle\caches\modules-2\files-2.1\org.openjfx\javafx-graphics\15.0.1\55565f47d9d4e295f8bdeb8a6577e29b8bc29267\javafx-graphics-15.0.1.jar;C:\Users\anton\.gradle\caches\modules-2\files-2.1\org.openjfx\j
Launcher Type: SUN_STANDARD

[Global flags]
     intx CICompilerCount                          = 4                                         {product} {ergonomic}
     uint ConcGCThreads                            = 2                                         {product} {ergonomic}
     uint G1ConcRefinementThreads                  = 8                                         {product} {ergonomic}
   size_t G1HeapRegionSize                         = 1048576                                   {product} {ergonomic}
    uintx GCDrainStackTargetSize                   = 64                                        {product} {ergonomic}
   size_t InitialHeapSize                          = 234881024                                 {product} {ergonomic}
   size_t MarkStackSize                            = 4194304                                   {product} {ergonomic}
   size_t MaxHeapSize                              = 3737124864                                {product} {ergonomic}
   size_t MaxNewSize                               = 2241855488                                {product} {ergonomic}
   size_t MinHeapDeltaBytes                        = 1048576                                   {product} {ergonomic}
    uintx NonNMethodCodeHeapSize                   = 5836300                                {pd product} {ergonomic}
    uintx NonProfiledCodeHeapSize                  = 122910970                              {pd product} {ergonomic}
    uintx ProfiledCodeHeapSize                     = 122910970                              {pd product} {ergonomic}
    uintx ReservedCodeCacheSize                    = 251658240                              {pd product} {ergonomic}
     bool SegmentedCodeCache                       = true                                      {product} {ergonomic}
     bool UseCompressedClassPointers               = true                                 {lp64_product} {ergonomic}
     bool UseCompressedOops                        = true                                 {lp64_product} {ergonomic}
     bool UseG1GC                                  = true                                      {product} {ergonomic}
     bool UseLargePagesIndividualAllocation        = false                                  {pd product} {ergonomic}

Logging:
Log output configuration:
 #0: stdout all=warning uptime,level,tags
 #1: stderr all=off uptime,level,tags

Environment Variables:
JAVA_HOME=C:\Program Files\Java\jdk-12.0.2
PATH=C:\Program Files\AdoptOpenJDK\jdk-11.0.10.9-hotspot\bin;C:\Program Files (x86)\NVIDIA Corporation\PhysX\Common;C:\WINDOWS\system32;C:\WINDOWS;C:\WINDOWS\System32\Wbem;C:\WINDOWS\System32\WindowsPowerShell\v1.0\;C:\WINDOWS\System32\OpenSSH\;C:\Program Files\Java\jdk-12.0.2\bin;C:\Program Files\MATLAB\R2015b\runtime\win64;C:\Program Files\MATLAB\R2015b\bin;C:\Program Files\MATLAB\R2019b\runtime\win64;C:\Program Files\MATLAB\R2019b\bin;C:\Program Files\nodejs\;C:\Python\Python38\Scripts;C:\Program Files\Git\cmd;C:\MinGW\bin;C:\Python\Python38\Scripts\;C:\Python\Python38\;C:\Users\anton\AppData\Local\Microsoft\WindowsApps;C:\Users\anton\AppData\Roaming\npm;C:\Users\anton\AppData\Local\Programs\Microsoft VS Code\bin;C:\Users\anton\AppData\Local\Microsoft\WindowsApps;;C:\Program Files\JetBrains\IntelliJ IDEA Community Edition 2020.2.1\bin;
USERNAME=anton
OS=Windows_NT
PROCESSOR_IDENTIFIER=AMD64 Family 23 Model 24 Stepping 1, AuthenticAMD



---------------  S Y S T E M  ---------------

OS: Windows 10 , 64 bit Build 18362 (10.0.18362.1350)
OS uptime: 1 days 5:26 hours
HyperV virtualization detected

CPU:total 8 (initial active 8) (8 cores per cpu, 2 threads per core) family 23 model 24 stepping 1, cmov, cx8, fxsr, mmx, sse, sse2, sse3, ssse3, sse4.1, sse4.2, popcnt, avx, avx2, aes, clmul, mmxext, 3dnowpref, lzcnt, sse4a, ht, tsc, tscinvbit, tscinv, bmi1, bmi2, adx, sha, fma

Memory: 4k page, system-wide physical 14249M (6491M free)
TotalPageFile size 16425M (AvailPageFile size 4359M)
current process WorkingSet (physical memory assigned to process): 92M, peak: 92M
current process commit charge ("private bytes"): 350M, peak: 350M

vm_info: OpenJDK 64-Bit Server VM (11.0.8+10-LTS) for windows-amd64 JRE (11.0.8+10-LTS), built on Jul 13 2020 00:42:50 by "Administrator" with MS VC++ 15.9 (VS2017)

END.
